{"D:\\Project\\jestdemo\\logic.js": {"path":"D:\\Project\\jestdemo\\logic.js","statementMap":{"0":{"start":{"line":2,"column":4},"end":{"line":2,"column":41}},"1":{"start":{"line":6,"column":4},"end":{"line":6,"column":44}},"2":{"start":{"line":9,"column":0},"end":{"line":11,"column":1}}},"fnMap":{"0":{"name":"price1","decl":{"start":{"line":1,"column":9},"end":{"line":1,"column":15}},"loc":{"start":{"line":1,"column":23},"end":{"line":3,"column":1}},"line":1},"1":{"name":"price2","decl":{"start":{"line":5,"column":9},"end":{"line":5,"column":15}},"loc":{"start":{"line":5,"column":23},"end":{"line":7,"column":1}},"line":5}},"branchMap":{"0":{"loc":{"start":{"line":2,"column":11},"end":{"line":2,"column":40}},"type":"cond-expr","locations":[{"start":{"line":2,"column":25},"end":{"line":2,"column":31}},{"start":{"line":2,"column":33},"end":{"line":2,"column":40}}],"line":2},"1":{"loc":{"start":{"line":6,"column":11},"end":{"line":6,"column":43}},"type":"cond-expr","locations":[{"start":{"line":6,"column":25},"end":{"line":6,"column":30}},{"start":{"line":6,"column":32},"end":{"line":6,"column":43}}],"line":6}},"s":{"0":1,"1":1,"2":1},"f":{"0":1,"1":1},"b":{"0":[1,0],"1":[1,0]},"_coverageSchema":"43e27e138ebf9cfc5966b082cf9a028302ed4184","hash":"622d926611d14ea210fb1ecb2170c9b2e1d601a9"}
}
